   1              		.cpu cortex-m4
   2              		.arch armv7e-m
   3              		.fpu softvfp
   4              		.eabi_attribute 20, 1
   5              		.eabi_attribute 21, 1
   6              		.eabi_attribute 23, 3
   7              		.eabi_attribute 24, 1
   8              		.eabi_attribute 25, 1
   9              		.eabi_attribute 26, 1
  10              		.eabi_attribute 30, 4
  11              		.eabi_attribute 34, 1
  12              		.eabi_attribute 18, 4
  13              		.file	"main.c"
  14              		.text
  15              	.Ltext0:
  16              		.cfi_sections	.debug_frame
  17              		.file 1 "main.c"
  18              		.section	.text.handle,"ax",%progbits
  19              		.align	1
  20              		.global	handle
  21              		.syntax unified
  22              		.thumb
  23              		.thumb_func
  25              	handle:
  26              	.LVL0:
  27              	.LFB0:
   1:main.c        **** 
   2:main.c        **** #include "hal.h"
   3:main.c        **** #include "simpleserial.h"
   4:main.c        **** #include "network.h"
   5:main.c        **** #include "network_config.h"
   6:main.c        **** #include "input_fixed.h"
   7:main.c        **** #define printf(...)
   8:main.c        **** #define puts(...)
   9:main.c        **** 
  10:main.c        **** uint8_t handle(uint8_t cmd, uint8_t scmd, uint8_t len, uint8_t *buf)
  11:main.c        **** {
  28              		.loc 1 11 1 view -0
  29              		.cfi_startproc
  30              		@ args = 0, pretend = 0, frame = 8
  31              		@ frame_needed = 0, uses_anonymous_args = 0
  12:main.c        ****     trigger_high();
  32              		.loc 1 12 5 view .LVU1
  11:main.c        ****     trigger_high();
  33              		.loc 1 11 1 is_stmt 0 view .LVU2
  34 0000 13B5     		push	{r0, r1, r4, lr}
  35              	.LCFI0:
  36              		.cfi_def_cfa_offset 16
  37              		.cfi_offset 4, -8
  38              		.cfi_offset 14, -4
  39              		.loc 1 12 5 view .LVU3
  40 0002 FFF7FEFF 		bl	trigger_high
  41              	.LVL1:
  13:main.c        **** 
  14:main.c        ****     float output = network_forward(input_fixed);
  42              		.loc 1 14 5 is_stmt 1 view .LVU4
  43              		.loc 1 14 20 is_stmt 0 view .LVU5
  44 0006 0E48     		ldr	r0, .L2
  45 0008 FFF7FEFF 		bl	network_forward
  46              	.LVL2:
  47 000c 0446     		mov	r4, r0
  48              	.LVL3:
  15:main.c        **** 
  16:main.c        ****     trigger_low();
  49              		.loc 1 16 5 is_stmt 1 view .LVU6
  50 000e FFF7FEFF 		bl	trigger_low
  51              	.LVL4:
  17:main.c        **** 
  18:main.c        ****     uint8_t response[4];
  52              		.loc 1 18 5 view .LVU7
  19:main.c        ****     response[0] = ((uint8_t*)&output)[0];
  53              		.loc 1 19 5 view .LVU8
  20:main.c        ****     response[1] = ((uint8_t*)&output)[1];
  54              		.loc 1 20 17 is_stmt 0 view .LVU9
  55 0012 C4F30723 		ubfx	r3, r4, #8, #8
  21:main.c        ****     response[2] = ((uint8_t*)&output)[2];
  22:main.c        ****     response[3] = ((uint8_t*)&output)[3];
  56              		.loc 1 22 17 view .LVU10
  57 0016 C4F30760 		ubfx	r0, r4, #24, #8
  20:main.c        ****     response[1] = ((uint8_t*)&output)[1];
  58              		.loc 1 20 17 view .LVU11
  59 001a 8DF80530 		strb	r3, [sp, #5]
  60              		.loc 1 22 17 view .LVU12
  61 001e 8DF80700 		strb	r0, [sp, #7]
  21:main.c        ****     response[2] = ((uint8_t*)&output)[2];
  62              		.loc 1 21 17 view .LVU13
  63 0022 C4F30743 		ubfx	r3, r4, #16, #8
  23:main.c        ****     
  24:main.c        ****     simpleserial_put('r', 4, response);
  64              		.loc 1 24 5 view .LVU14
  65 0026 01AA     		add	r2, sp, #4
  66 0028 0421     		movs	r1, #4
  67 002a 7220     		movs	r0, #114
  19:main.c        ****     response[1] = ((uint8_t*)&output)[1];
  68              		.loc 1 19 17 view .LVU15
  69 002c 8DF80440 		strb	r4, [sp, #4]
  20:main.c        ****     response[2] = ((uint8_t*)&output)[2];
  70              		.loc 1 20 5 is_stmt 1 view .LVU16
  21:main.c        ****     response[3] = ((uint8_t*)&output)[3];
  71              		.loc 1 21 5 view .LVU17
  21:main.c        ****     response[3] = ((uint8_t*)&output)[3];
  72              		.loc 1 21 17 is_stmt 0 view .LVU18
  73 0030 8DF80630 		strb	r3, [sp, #6]
  22:main.c        ****     
  74              		.loc 1 22 5 is_stmt 1 view .LVU19
  75              		.loc 1 24 5 view .LVU20
  76 0034 FFF7FEFF 		bl	simpleserial_put
  77              	.LVL5:
  25:main.c        **** 
  26:main.c        ****     return 0;
  78              		.loc 1 26 5 view .LVU21
  27:main.c        **** }
  79              		.loc 1 27 1 is_stmt 0 view .LVU22
  80 0038 0020     		movs	r0, #0
  81 003a 02B0     		add	sp, sp, #8
  82              	.LCFI1:
  83              		.cfi_def_cfa_offset 8
  84              		@ sp needed
  85 003c 10BD     		pop	{r4, pc}
  86              	.L3:
  87 003e 00BF     		.align	2
  88              	.L2:
  89 0040 00000000 		.word	.LANCHOR0
  90              		.cfi_endproc
  91              	.LFE0:
  93              		.section	.text.startup.main,"ax",%progbits
  94              		.align	1
  95              		.global	main
  96              		.syntax unified
  97              		.thumb
  98              		.thumb_func
 100              	main:
 101              	.LFB1:
  28:main.c        **** 
  29:main.c        **** int main(void)
  30:main.c        **** {
 102              		.loc 1 30 1 is_stmt 1 view -0
 103              		.cfi_startproc
 104              		@ Volatile: function does not return.
 105              		@ args = 0, pretend = 0, frame = 0
 106              		@ frame_needed = 0, uses_anonymous_args = 0
  31:main.c        ****     platform_init();
 107              		.loc 1 31 5 view .LVU24
  30:main.c        ****     platform_init();
 108              		.loc 1 30 1 is_stmt 0 view .LVU25
 109 0000 08B5     		push	{r3, lr}
 110              	.LCFI2:
 111              		.cfi_def_cfa_offset 8
 112              		.cfi_offset 3, -8
 113              		.cfi_offset 14, -4
 114              		.loc 1 31 5 view .LVU26
 115 0002 FFF7FEFF 		bl	platform_init
 116              	.LVL6:
  32:main.c        ****     init_uart();
 117              		.loc 1 32 5 is_stmt 1 view .LVU27
 118 0006 FFF7FEFF 		bl	init_uart
 119              	.LVL7:
  33:main.c        ****     trigger_setup();
 120              		.loc 1 33 5 view .LVU28
 121 000a FFF7FEFF 		bl	trigger_setup
 122              	.LVL8:
  34:main.c        **** 
  35:main.c        ****     simpleserial_init();
 123              		.loc 1 35 5 view .LVU29
 124 000e FFF7FEFF 		bl	simpleserial_init
 125              	.LVL9:
  36:main.c        **** 
  37:main.c        ****     simpleserial_addcmd('p', 0, handle);
 126              		.loc 1 37 5 view .LVU30
 127 0012 044A     		ldr	r2, .L6
 128 0014 0021     		movs	r1, #0
 129 0016 7020     		movs	r0, #112
 130 0018 FFF7FEFF 		bl	simpleserial_addcmd
 131              	.LVL10:
 132              	.L5:
  38:main.c        **** 
  39:main.c        ****     while (1)
 133              		.loc 1 39 5 view .LVU31
  40:main.c        ****         simpleserial_get();
 134              		.loc 1 40 9 discriminator 1 view .LVU32
 135 001c FFF7FEFF 		bl	simpleserial_get
 136              	.LVL11:
  39:main.c        ****         simpleserial_get();
 137              		.loc 1 39 11 view .LVU33
 138 0020 FCE7     		b	.L5
 139              	.L7:
 140 0022 00BF     		.align	2
 141              	.L6:
 142 0024 00000000 		.word	handle
 143              		.cfi_endproc
 144              	.LFE1:
 146              		.section	.rodata
 147              		.align	2
 148              		.set	.LANCHOR0,. + 0
 151              	input_fixed:
 152 0000 CDCCCC3D 		.word	1036831949
 153 0004 CDCC4C3E 		.word	1045220557
 154 0008 9A99993E 		.word	1050253722
 155 000c CDCCCC3E 		.word	1053609165
 156 0010 0000003F 		.word	1056964608
 157 0014 9A99193F 		.word	1058642330
 158 0018 3333333F 		.word	1060320051
 159 001c CDCC4C3F 		.word	1061997773
 160 0020 6666663F 		.word	1063675494
 161 0024 0000803F 		.word	1065353216
 162              		.text
 163              	.Letext0:
 164              		.file 2 "/usr/arm-none-eabi/include/machine/_default_types.h"
 165              		.file 3 "/usr/arm-none-eabi/include/sys/_stdint.h"
 166              		.file 4 "network_config.h"
 167              		.file 5 "input_fixed.h"
 168              		.file 6 "./simpleserial/simpleserial.h"
 169              		.file 7 "./hal/stm32f3/stm32f3_hal.h"
 170              		.file 8 "./hal/hal.h"
 171              		.file 9 "network.h"
DEFINED SYMBOLS
                            *ABS*:00000000 main.c
     /tmp/ccEhDoe5.s:19     .text.handle:00000000 $t
     /tmp/ccEhDoe5.s:25     .text.handle:00000000 handle
     /tmp/ccEhDoe5.s:89     .text.handle:00000040 $d
     /tmp/ccEhDoe5.s:94     .text.startup.main:00000000 $t
     /tmp/ccEhDoe5.s:100    .text.startup.main:00000000 main
     /tmp/ccEhDoe5.s:142    .text.startup.main:00000024 $d
     /tmp/ccEhDoe5.s:147    .rodata:00000000 $d
     /tmp/ccEhDoe5.s:151    .rodata:00000000 input_fixed

UNDEFINED SYMBOLS
trigger_high
network_forward
trigger_low
simpleserial_put
platform_init
init_uart
trigger_setup
simpleserial_init
simpleserial_addcmd
simpleserial_get
